Arguments: 
  C:\Program Files\nodejs\node.exe C:\Users\Elias\AppData\Local\node\corepack\yarn\1.22.19\bin\yarn.js init

PATH: 
  C:\Users\Elias\bin;C:\Program Files\Git\mingw64\bin;C:\Program Files\Git\usr\local\bin;C:\Program Files\Git\usr\bin;C:\Program Files\Git\usr\bin;C:\Program Files\Git\mingw64\bin;C:\Program Files\Git\usr\bin;C:\Users\Elias\bin;C:\Program Files (x86)\Common Files\Oracle\Java\javapath;C:\WINDOWS\system32;C:\WINDOWS;C:\WINDOWS\System32\Wbem;C:\WINDOWS\System32\WindowsPowerShell\v1.0;C:\WINDOWS\System32\OpenSSH;C:\Program Files\nodejs;C:\Program Files\Git\cmd;C:\Users\Elias\AppData\Local\Programs\Python\Python310\Scripts;C:\Users\Elias\AppData\Local\Programs\Python\Python310;C:\Users\Elias\AppData\Local\Microsoft\WindowsApps;C:\Program Files\Java\jdk1.8.0_221\bin;C:\Users\Elias\AppData\Local\Android\Sdk\platform-tools;C:\Users\Elias\AppData\Local\Android\Sdk\tools;C:\Users\Elias\AppData\Local\Android\Sdk\tools\bin;C:\Users\Elias\AppData\Local\Programs\Microsoft VS Code\bin;C:\webdrivers;C:\Users\Elias\AppData\Roaming\npm;C:\Program Files\Git\usr\bin\vendor_perl;C:\Program Files\Git\usr\bin\core_perl

Yarn version: 
  1.22.19

Node version: 
  18.14.2

Platform: 
  win32 x64

Trace: 
  Error: Can't answer a question unless a user TTY
      at ConsoleReporter.question (C:\Users\Elias\AppData\Local\node\corepack\yarn\1.22.19\lib\cli.js:92864:59)
      at Object.<anonymous> (C:\Users\Elias\AppData\Local\node\corepack\yarn\1.22.19\lib\cli.js:85054:38)
      at Generator.next (<anonymous>)
      at step (C:\Users\Elias\AppData\Local\node\corepack\yarn\1.22.19\lib\cli.js:310:30)
      at C:\Users\Elias\AppData\Local\node\corepack\yarn\1.22.19\lib\cli.js:321:13

npm manifest: 
  No manifest

yarn manifest: 
  No manifest

Lockfile: 
  No lockfile
